<?xml version="1.0" encoding="UTF-8"?>
<!-- Generated by org.testng.reporters.JUnitReportReporter -->
<testsuite hostname="LAPTOP-H2H8QD76" failures="0" tests="2" name="ObjectIdentification.EditButtonValidation" time="5.470" errors="0" timestamp="2021-10-07T17:50:08 IST" skipped="0">
  <testcase classname="ObjectIdentification.EditButtonValidation" name="PageTitleValidation" time="3.074"/>
  <system-out/>
  <testcase classname="ObjectIdentification.EditButtonValidation" name="EditFieldValidation" time="2.396"/>
  <system-out/>
</testsuite> <!-- ObjectIdentification.EditButtonValidation -->
