<?xml version="1.0" encoding="UTF-8"?>
<!-- Generated by org.testng.reporters.JUnitReportReporter -->
<testsuite hostname="LAPTOP-H2H8QD76" failures="0" tests="1" name="Log4j.LogTesting" time="0.057" errors="0" timestamp="2021-10-09T15:37:18 IST" skipped="0">
  <testcase classname="Log4j.LogTesting" name="printlogging" time="0.057"/>
  <system-out/>
</testsuite> <!-- Log4j.LogTesting -->
