<?xml version="1.0" encoding="UTF-8"?>
<!-- Generated by org.testng.reporters.JUnitReportReporter -->
<testsuite hostname="LAPTOP-H2H8QD76" failures="0" tests="1" name="ObjectIdentification.LoginPage" time="2.850" errors="0" timestamp="2021-10-06T22:36:08 IST" skipped="0">
  <testcase classname="ObjectIdentification.LoginPage" name="GetloginPage" time="2.850"/>
  <system-out/>
</testsuite> <!-- ObjectIdentification.LoginPage -->
