<?xml version="1.0" encoding="UTF-8"?>
<!-- Generated by org.testng.reporters.JUnitReportReporter -->
<testsuite hostname="LAPTOP-H2H8QD76" failures="0" tests="6" name="com.seleniumtraining.test.VerifyButtonOperations" time="2.163" errors="0" timestamp="2021-10-11T09:25:29 IST" skipped="1">
  <testcase classname="com.seleniumtraining.test.VerifyButtonOperations" name="pageTitleValidation" time="0.485"/>
  <system-out/>
  <testcase classname="com.seleniumtraining.test.VerifyButtonOperations" name="pditFieldValidation" time="0.192"/>
  <system-out/>
  <testcase classname="com.seleniumtraining.test.VerifyButtonOperations" name="movetoElement" time="1.031"/>
  <system-out/>
  <testcase classname="com.seleniumtraining.test.VerifyButtonOperations" name="colorValidate" time="0.217"/>
  <system-out/>
  <testcase classname="com.seleniumtraining.test.VerifyButtonOperations" name="sizeValidate" time="0.238"/>
  <system-out/>
  <testcase classname="com.seleniumtraining.test.VerifyButtonOperations" name="DuplicatesizeValidates">
    <skipped/>
  </testcase> <!-- DuplicatesizeValidates -->
  <system-out/>
</testsuite> <!-- com.seleniumtraining.test.VerifyButtonOperations -->
