<?xml version="1.0" encoding="UTF-8"?>
<!-- Generated by org.testng.reporters.JUnitReportReporter -->
<testsuite hostname="LAPTOP-H2H8QD76" failures="0" tests="1" name="ExcelData.LearnExcelDatas" time="0.414" errors="0" timestamp="2021-10-02T17:20:29 IST" skipped="0">
  <testcase classname="ExcelData.LearnExcelDatas" name="FetchExcelData" time="0.414"/>
  <system-out/>
</testsuite> <!-- ExcelData.LearnExcelDatas -->
