<?xml version="1.0" encoding="UTF-8"?>
<!-- Generated by org.testng.reporters.JUnitReportReporter -->
<testsuite hostname="LAPTOP-H2H8QD76" failures="0" tests="1" name="ObjectIdentification.Baseclass" time="3.088" errors="0" timestamp="2021-10-07T12:36:18 IST" skipped="0">
  <testcase classname="ObjectIdentification.Baseclass" name="GetloginPage" time="3.088"/>
  <system-out/>
</testsuite> <!-- ObjectIdentification.Baseclass -->
