<?xml version="1.0" encoding="UTF-8"?>
<!-- Generated by org.testng.reporters.JUnitReportReporter -->
<testsuite hostname="LAPTOP-H2H8QD76" failures="0" tests="1" name="ObjectIdentification.FieldsPage" time="2.608" errors="0" timestamp="2021-10-07T00:03:51 IST" skipped="0">
  <testcase classname="ObjectIdentification.FieldsPage" name="EnterEmailadress" time="2.608"/>
  <system-out/>
</testsuite> <!-- ObjectIdentification.FieldsPage -->
