<?xml version="1.0" encoding="UTF-8"?>
<!-- Generated by org.testng.reporters.JUnitReportReporter -->
<testsuite hostname="LAPTOP-H2H8QD76" failures="0" tests="1" name="buttonObjectsUsingPF.ButtonValidation2" time="0.362" errors="0" timestamp="2021-10-08T14:49:50 IST" skipped="0">
  <testcase classname="buttonObjectsUsingPF.ButtonValidation2" name="bpageTitleValidation" time="0.362"/>
  <system-out/>
</testsuite> <!-- buttonObjectsUsingPF.ButtonValidation2 -->
